<?xml version="1.0" encoding="UTF-8"?>
<!-- Generated by org.testng.reporters.JUnitXMLReporter -->
<testsuite ignored="0" hostname="sharath" failures="0" tests="4" name="Test" time="0.166" errors="0" timestamp="2022-03-19T22:16:46 IST">
  <testcase classname="com.testngworks.SampleTestCase" name="firstTest" time="0.019"/>
  <testcase classname="com.testngworks.SampleTestCase" name="secondTest" time="0.01"/>
  <testcase classname="com.testngworks.AnotherTestCase" name="fourthTest" time="0.006"/>
  <testcase classname="com.testngworks.AnotherTestCase" name="thirdTest" time="0.005"/>
</testsuite> <!-- Test -->
