<?xml version="1.0" encoding="UTF-8"?>
<!-- Generated by org.testng.reporters.JUnitXMLReporter -->
<testsuite ignored="8" hostname="sharath" failures="0" tests="4" name="ClientSpecific" time="0.152" errors="0" timestamp="2022-03-20T02:10:23 IST">
  <testcase classname="com.testngworks.SampleTestCase" name="firstTest" time="0.02"/>
  <testcase classname="com.testngworks.CarLoan" name="apiLogin" time="0.003"/>
  <testcase classname="com.testngworks.HomeLoan" name="mobileLogin" time="0.005"/>
  <testcase classname="com.testngworks.AnotherTestCase" name="fourthTest" time="0.005"/>
  <testcase classname="com.testngworks.CarLoan" name="mobileLogin" time="0.0">
    <ignored/>
  </testcase> <!-- mobileLogin -->
  <testcase classname="com.testngworks.CarLoan" name="webLogin" time="0.0">
    <ignored/>
  </testcase> <!-- webLogin -->
  <testcase classname="com.testngworks.HomeLoan" name="webLogin" time="0.0">
    <ignored/>
  </testcase> <!-- webLogin -->
  <testcase classname="com.testngworks.CarLoan" name="mobileSignIn" time="0.0">
    <ignored/>
  </testcase> <!-- mobileSignIn -->
  <testcase classname="com.testngworks.CarLoan" name="mobileSignOut" time="0.0">
    <ignored/>
  </testcase> <!-- mobileSignOut -->
  <testcase classname="com.testngworks.HomeLoan" name="apiLogin" time="0.0">
    <ignored/>
  </testcase> <!-- apiLogin -->
  <testcase classname="com.testngworks.AnotherTestCase" name="thirdTest" time="0.0">
    <ignored/>
  </testcase> <!-- thirdTest -->
  <testcase classname="com.testngworks.SampleTestCase" name="secondTest" time="0.0">
    <ignored/>
  </testcase> <!-- secondTest -->
</testsuite> <!-- ClientSpecific -->
