<?xml version="1.0" encoding="UTF-8"?>
<!-- Generated by org.testng.reporters.JUnitXMLReporter -->
<testsuite ignored="3" hostname="sharath" failures="0" tests="2" name="Car Loan" time="0.024" errors="0" timestamp="2022-03-21T18:28:23 IST">
  <testcase classname="com.testngworks.CarLoan" name="apiLogin" time="0.003"/>
  <testcase classname="com.testngworks.CarLoan" name="webLogin" time="0.002"/>
  <testcase classname="com.testngworks.CarLoan" name="mobileLogin" time="0.0">
    <ignored/>
  </testcase> <!-- mobileLogin -->
  <testcase classname="com.testngworks.CarLoan" name="mobileSignIn" time="0.0">
    <ignored/>
  </testcase> <!-- mobileSignIn -->
  <testcase classname="com.testngworks.CarLoan" name="mobileSignOut" time="0.0">
    <ignored/>
  </testcase> <!-- mobileSignOut -->
</testsuite> <!-- Car Loan -->
