<?xml version="1.0" encoding="UTF-8"?>
<!-- Generated by org.testng.reporters.JUnitXMLReporter -->
<testsuite ignored="1" hostname="sharath" failures="0" tests="2" name="Home Loan" time="0.033" errors="0" timestamp="2022-03-21T18:28:23 IST">
  <testcase classname="com.testngworks.HomeLoan" name="mobileLogin" time="0.008"/>
  <testcase classname="com.testngworks.HomeLoan" name="webLogin" time="0.009"/>
  <testcase classname="com.testngworks.HomeLoan" name="apiLogin" time="0.0">
    <ignored/>
  </testcase> <!-- apiLogin -->
</testsuite> <!-- Home Loan -->
