<?xml version="1.0" encoding="UTF-8"?>
<!-- Generated by org.testng.reporters.JUnitXMLReporter -->
<testsuite ignored="1" hostname="sharath" failures="0" tests="8" name="Personal Loan" time="0.416" errors="0" timestamp="2022-03-21T18:28:23 IST">
  <testcase classname="com.testngworks.SampleTestCase" name="firstTest" time="0.029"/>
  <testcase classname="com.testngworks.AnotherTestCase" name="fourthTest" time="0.018"/>
  <testcase classname="com.testngworks.AnotherTestCase" name="login" time="0.012"/>
  <testcase classname="com.testngworks.AnotherTestCase" name="login" time="0.014"/>
  <testcase classname="com.testngworks.AnotherTestCase" name="login" time="0.009"/>
  <testcase classname="com.testngworks.AnotherTestCase" name="thirdTest" time="0.007"/>
  <testcase classname="com.testngworks.AnotherTestCase" name="day1" time="0.016"/>
  <testcase classname="com.testngworks.AnotherTestCase" name="night1" time="0.012"/>
  <testcase classname="com.testngworks.SampleTestCase" name="secondTest" time="0.0">
    <ignored/>
  </testcase> <!-- secondTest -->
</testsuite> <!-- Personal Loan -->
